2025-03-15T16:46:14.983+05:30  INFO 18900 --- [25_Day25_BasicCrudApp-Account-Employee] [restartedMain] com.aurionpro.employee.Application       : Starting Application using Java 21.0.6 with PID 18900 (D:\AurionPro_Mustafa_Spring\25_Day25_BasicCrudApp-Employee\target\classes started by mustafa.poonawala in D:\AurionPro_Mustafa_Spring\25_Day25_BasicCrudApp-Employee)
2025-03-15T16:46:14.993+05:30  INFO 18900 --- [25_Day25_BasicCrudApp-Account-Employee] [restartedMain] com.aurionpro.employee.Application       : No active profile set, falling back to 1 default profile: "default"
2025-03-15T16:46:15.068+05:30  INFO 18900 --- [25_Day25_BasicCrudApp-Account-Employee] [restartedMain] .e.DevToolsPropertyDefaultsPostProcessor : Devtools property defaults active! Set 'spring.devtools.add-properties' to 'false' to disable
2025-03-15T16:46:15.069+05:30  INFO 18900 --- [25_Day25_BasicCrudApp-Account-Employee] [restartedMain] .e.DevToolsPropertyDefaultsPostProcessor : For additional web related logging consider setting the 'logging.level.web' property to 'DEBUG'
2025-03-15T16:46:15.990+05:30  INFO 18900 --- [25_Day25_BasicCrudApp-Account-Employee] [restartedMain] .s.d.r.c.RepositoryConfigurationDelegate : Bootstrapping Spring Data JPA repositories in DEFAULT mode.
2025-03-15T16:46:16.096+05:30  INFO 18900 --- [25_Day25_BasicCrudApp-Account-Employee] [restartedMain] .s.d.r.c.RepositoryConfigurationDelegate : Finished Spring Data repository scanning in 93 ms. Found 3 JPA repository interfaces.
2025-03-15T16:46:16.675+05:30  INFO 18900 --- [25_Day25_BasicCrudApp-Account-Employee] [restartedMain] o.s.b.w.embedded.tomcat.TomcatWebServer  : Tomcat initialized with port 8080 (http)
2025-03-15T16:46:16.691+05:30  INFO 18900 --- [25_Day25_BasicCrudApp-Account-Employee] [restartedMain] o.apache.catalina.core.StandardService   : Starting service [Tomcat]
2025-03-15T16:46:16.692+05:30  INFO 18900 --- [25_Day25_BasicCrudApp-Account-Employee] [restartedMain] o.apache.catalina.core.StandardEngine    : Starting Servlet engine: [Apache Tomcat/10.1.36]
2025-03-15T16:46:16.749+05:30  INFO 18900 --- [25_Day25_BasicCrudApp-Account-Employee] [restartedMain] o.a.c.c.C.[Tomcat].[localhost].[/]       : Initializing Spring embedded WebApplicationContext
2025-03-15T16:46:16.749+05:30  INFO 18900 --- [25_Day25_BasicCrudApp-Account-Employee] [restartedMain] w.s.c.ServletWebServerApplicationContext : Root WebApplicationContext: initialization completed in 1679 ms
2025-03-15T16:46:16.922+05:30  INFO 18900 --- [25_Day25_BasicCrudApp-Account-Employee] [restartedMain] o.hibernate.jpa.internal.util.LogHelper  : HHH000204: Processing PersistenceUnitInfo [name: default]
2025-03-15T16:46:17.002+05:30  INFO 18900 --- [25_Day25_BasicCrudApp-Account-Employee] [restartedMain] org.hibernate.Version                    : HHH000412: Hibernate ORM core version 6.6.8.Final
2025-03-15T16:46:17.047+05:30  INFO 18900 --- [25_Day25_BasicCrudApp-Account-Employee] [restartedMain] o.h.c.internal.RegionFactoryInitiator    : HHH000026: Second-level cache disabled
2025-03-15T16:46:17.377+05:30  INFO 18900 --- [25_Day25_BasicCrudApp-Account-Employee] [restartedMain] o.s.o.j.p.SpringPersistenceUnitInfo      : No LoadTimeWeaver setup: ignoring JPA class transformer
2025-03-15T16:46:17.414+05:30  INFO 18900 --- [25_Day25_BasicCrudApp-Account-Employee] [restartedMain] com.zaxxer.hikari.HikariDataSource       : HikariPool-1 - Starting...
2025-03-15T16:46:17.748+05:30  INFO 18900 --- [25_Day25_BasicCrudApp-Account-Employee] [restartedMain] com.zaxxer.hikari.pool.HikariPool        : HikariPool-1 - Added connection com.mysql.cj.jdbc.ConnectionImpl@216a7a
2025-03-15T16:46:17.749+05:30  INFO 18900 --- [25_Day25_BasicCrudApp-Account-Employee] [restartedMain] com.zaxxer.hikari.HikariDataSource       : HikariPool-1 - Start completed.
2025-03-15T16:46:17.845+05:30  INFO 18900 --- [25_Day25_BasicCrudApp-Account-Employee] [restartedMain] org.hibernate.orm.connections.pooling    : HHH10001005: Database info:
	Database JDBC URL [Connecting through datasource 'HikariDataSource (HikariPool-1)']
	Database driver: undefined/unknown
	Database version: 8.0.41
	Autocommit mode: undefined/unknown
	Isolation level: undefined/unknown
	Minimum pool size: undefined/unknown
	Maximum pool size: undefined/unknown
2025-03-15T16:46:18.896+05:30  INFO 18900 --- [25_Day25_BasicCrudApp-Account-Employee] [restartedMain] o.h.e.t.j.p.i.JtaPlatformInitiator       : HHH000489: No JTA platform available (set 'hibernate.transaction.jta.platform' to enable JTA platform integration)
2025-03-15T16:46:18.978+05:30  INFO 18900 --- [25_Day25_BasicCrudApp-Account-Employee] [restartedMain] j.LocalContainerEntityManagerFactoryBean : Initialized JPA EntityManagerFactory for persistence unit 'default'
2025-03-15T16:46:19.373+05:30  WARN 18900 --- [25_Day25_BasicCrudApp-Account-Employee] [restartedMain] JpaBaseConfiguration$JpaWebConfiguration : spring.jpa.open-in-view is enabled by default. Therefore, database queries may be performed during view rendering. Explicitly configure spring.jpa.open-in-view to disable this warning
2025-03-15T16:46:19.752+05:30  INFO 18900 --- [25_Day25_BasicCrudApp-Account-Employee] [restartedMain] o.s.b.d.a.OptionalLiveReloadServer       : LiveReload server is running on port 35729
2025-03-15T16:46:19.803+05:30  INFO 18900 --- [25_Day25_BasicCrudApp-Account-Employee] [restartedMain] o.s.b.w.embedded.tomcat.TomcatWebServer  : Tomcat started on port 8080 (http) with context path '/'
2025-03-15T16:46:19.811+05:30  INFO 18900 --- [25_Day25_BasicCrudApp-Account-Employee] [restartedMain] com.aurionpro.employee.Application       : Started Application in 5.392 seconds (process running for 6.365)
2025-03-15T16:46:25.397+05:30  INFO 18900 --- [25_Day25_BasicCrudApp-Account-Employee] [http-nio-8080-exec-1] o.a.c.c.C.[Tomcat].[localhost].[/]       : Initializing Spring DispatcherServlet 'dispatcherServlet'
2025-03-15T16:46:25.398+05:30  INFO 18900 --- [25_Day25_BasicCrudApp-Account-Employee] [http-nio-8080-exec-1] o.s.web.servlet.DispatcherServlet        : Initializing Servlet 'dispatcherServlet'
2025-03-15T16:46:25.399+05:30  INFO 18900 --- [25_Day25_BasicCrudApp-Account-Employee] [http-nio-8080-exec-1] o.s.web.servlet.DispatcherServlet        : Completed initialization in 1 ms
2025-03-15T16:46:25.454+05:30  WARN 18900 --- [25_Day25_BasicCrudApp-Account-Employee] [http-nio-8080-exec-1] .w.s.m.s.DefaultHandlerExceptionResolver : Resolved [org.springframework.http.converter.HttpMessageNotReadableException: Required request body is missing: public org.springframework.http.ResponseEntity<com.aurionpro.employee.dto.StudentDto> com.aurionpro.employee.controller.EmployeeController.assignCourses(int,java.util.List<java.lang.Integer>)]
2025-03-15T16:51:47.000+05:30  INFO 18900 --- [25_Day25_BasicCrudApp-Account-Employee] [http-nio-8080-exec-7] c.a.e.service.EmployeeServiceImpl        : Employee added successfully with ID: 4
2025-03-15T16:52:54.147+05:30  WARN 18900 --- [25_Day25_BasicCrudApp-Account-Employee] [http-nio-8080-exec-2] .w.s.m.s.DefaultHandlerExceptionResolver : Ignoring exception, response committed already: org.springframework.http.converter.HttpMessageNotWritableException: Could not write JSON: Document nesting depth (1001) exceeds the maximum allowed (1000, from `StreamWriteConstraints.getMaxNestingDepth()`)
2025-03-15T16:52:54.147+05:30  WARN 18900 --- [25_Day25_BasicCrudApp-Account-Employee] [http-nio-8080-exec-2] .w.s.m.s.DefaultHandlerExceptionResolver : Resolved [org.springframework.http.converter.HttpMessageNotWritableException: Could not write JSON: Document nesting depth (1001) exceeds the maximum allowed (1000, from `StreamWriteConstraints.getMaxNestingDepth()`)]
2025-03-15T16:53:04.162+05:30  WARN 18900 --- [25_Day25_BasicCrudApp-Account-Employee] [http-nio-8080-exec-1] .w.s.m.s.DefaultHandlerExceptionResolver : Ignoring exception, response committed already: org.springframework.http.converter.HttpMessageNotWritableException: Could not write JSON: Document nesting depth (1001) exceeds the maximum allowed (1000, from `StreamWriteConstraints.getMaxNestingDepth()`)
2025-03-15T16:53:04.164+05:30  WARN 18900 --- [25_Day25_BasicCrudApp-Account-Employee] [http-nio-8080-exec-1] .w.s.m.s.DefaultHandlerExceptionResolver : Resolved [org.springframework.http.converter.HttpMessageNotWritableException: Could not write JSON: Document nesting depth (1001) exceeds the maximum allowed (1000, from `StreamWriteConstraints.getMaxNestingDepth()`)]
2025-03-15T16:53:12.102+05:30  WARN 18900 --- [25_Day25_BasicCrudApp-Account-Employee] [http-nio-8080-exec-4] .m.m.a.ExceptionHandlerExceptionResolver : Resolved [StudentApiException(message=Student dosent Exist)]
2025-03-15T16:53:16.664+05:30  WARN 18900 --- [25_Day25_BasicCrudApp-Account-Employee] [http-nio-8080-exec-3] .w.s.m.s.DefaultHandlerExceptionResolver : Ignoring exception, response committed already: org.springframework.http.converter.HttpMessageNotWritableException: Could not write JSON: Document nesting depth (1001) exceeds the maximum allowed (1000, from `StreamWriteConstraints.getMaxNestingDepth()`)
2025-03-15T16:53:16.664+05:30  WARN 18900 --- [25_Day25_BasicCrudApp-Account-Employee] [http-nio-8080-exec-3] .w.s.m.s.DefaultHandlerExceptionResolver : Resolved [org.springframework.http.converter.HttpMessageNotWritableException: Could not write JSON: Document nesting depth (1001) exceeds the maximum allowed (1000, from `StreamWriteConstraints.getMaxNestingDepth()`)]
2025-03-15T16:53:29.878+05:30  WARN 18900 --- [25_Day25_BasicCrudApp-Account-Employee] [http-nio-8080-exec-5] .m.m.a.ExceptionHandlerExceptionResolver : Resolved [StudentApiException(message=Student dosent Exist)]
2025-03-15T16:55:03.893+05:30  WARN 18900 --- [25_Day25_BasicCrudApp-Account-Employee] [http-nio-8080-exec-8] .w.s.m.s.DefaultHandlerExceptionResolver : Ignoring exception, response committed already: org.springframework.http.converter.HttpMessageNotWritableException: Could not write JSON: Document nesting depth (1001) exceeds the maximum allowed (1000, from `StreamWriteConstraints.getMaxNestingDepth()`)
2025-03-15T16:55:03.893+05:30  WARN 18900 --- [25_Day25_BasicCrudApp-Account-Employee] [http-nio-8080-exec-8] .w.s.m.s.DefaultHandlerExceptionResolver : Resolved [org.springframework.http.converter.HttpMessageNotWritableException: Could not write JSON: Document nesting depth (1001) exceeds the maximum allowed (1000, from `StreamWriteConstraints.getMaxNestingDepth()`)]
2025-03-15T16:55:37.633+05:30  WARN 18900 --- [25_Day25_BasicCrudApp-Account-Employee] [http-nio-8080-exec-2] .w.s.m.s.DefaultHandlerExceptionResolver : Ignoring exception, response committed already: org.springframework.http.converter.HttpMessageNotWritableException: Could not write JSON: Document nesting depth (1001) exceeds the maximum allowed (1000, from `StreamWriteConstraints.getMaxNestingDepth()`)
2025-03-15T16:55:37.633+05:30  WARN 18900 --- [25_Day25_BasicCrudApp-Account-Employee] [http-nio-8080-exec-2] .w.s.m.s.DefaultHandlerExceptionResolver : Resolved [org.springframework.http.converter.HttpMessageNotWritableException: Could not write JSON: Document nesting depth (1001) exceeds the maximum allowed (1000, from `StreamWriteConstraints.getMaxNestingDepth()`)]
2025-03-15T16:56:13.913+05:30  WARN 18900 --- [25_Day25_BasicCrudApp-Account-Employee] [http-nio-8080-exec-1] .w.s.m.s.DefaultHandlerExceptionResolver : Resolved [org.springframework.web.bind.MissingServletRequestParameterException: Required request parameter 'pageSize' for method parameter type int is not present]
2025-03-15T16:56:29.738+05:30  WARN 18900 --- [25_Day25_BasicCrudApp-Account-Employee] [http-nio-8080-exec-3] .w.s.m.s.DefaultHandlerExceptionResolver : Resolved [org.springframework.web.bind.MissingServletRequestParameterException: Required request parameter 'pageSize' for method parameter type int is not present]
2025-03-15T17:15:36.762+05:30  INFO 18900 --- [25_Day25_BasicCrudApp-Account-Employee] [RMI TCP Connection(39)-127.0.0.1] inMXBeanRegistrar$SpringApplicationAdmin : Application shutdown requested.
2025-03-15T17:15:36.766+05:30  INFO 18900 --- [25_Day25_BasicCrudApp-Account-Employee] [RMI TCP Connection(39)-127.0.0.1] o.s.b.w.e.tomcat.GracefulShutdown        : Commencing graceful shutdown. Waiting for active requests to complete
2025-03-15T17:15:36.783+05:30  INFO 18900 --- [25_Day25_BasicCrudApp-Account-Employee] [tomcat-shutdown] o.s.b.w.e.tomcat.GracefulShutdown        : Graceful shutdown complete
2025-03-15T17:15:36.788+05:30  INFO 18900 --- [25_Day25_BasicCrudApp-Account-Employee] [RMI TCP Connection(39)-127.0.0.1] j.LocalContainerEntityManagerFactoryBean : Closing JPA EntityManagerFactory for persistence unit 'default'
2025-03-15T17:15:36.793+05:30  INFO 18900 --- [25_Day25_BasicCrudApp-Account-Employee] [RMI TCP Connection(39)-127.0.0.1] com.zaxxer.hikari.HikariDataSource       : HikariPool-1 - Shutdown initiated...
2025-03-15T17:15:36.805+05:30  INFO 18900 --- [25_Day25_BasicCrudApp-Account-Employee] [RMI TCP Connection(39)-127.0.0.1] com.zaxxer.hikari.HikariDataSource       : HikariPool-1 - Shutdown completed.
